
7월 16, 2018 12:33:51.27 NEW SESSION
7월 16, 2018 12:33:51.27 [6252:4496:0716/123351.270:ERROR:install_util.cc(589)] Unable to create registry key HKLM\SOFTWARE\Policies\Google\Chrome for reading result=2
7월 16, 2018 15:12:50.97 [6572:6176:0716/151250.974:ERROR:install_util.cc(589)] Unable to create registry key HKLM\SOFTWARE\Policies\Google\Chrome for reading result=2
7월 16, 2018 15:13:46.26 [8184:7984:0716/151346.258:ERROR:install_util.cc(589)] Unable to create registry key HKLM\SOFTWARE\Policies\Google\Chrome for reading result=2
7월 16, 2018 18:15:16.97 Unable to read VR Path Registry from C:\Users\acorn\AppData\Local\openvr\openvrpaths.vrpath
7월 16, 2018 18:18:17.92 [7648:692:0716/181817.927:ERROR:install_util.cc(589)] Unable to create registry key HKLM\SOFTWARE\Policies\Google\Chrome for reading result=2

7월 19, 2018 09:55:08.42 NEW SESSION
7월 19, 2018 09:55:08.42 [1252:660:0719/095508.418:ERROR:install_util.cc(589)] Unable to create registry key HKLM\SOFTWARE\Policies\Google\Chrome for reading result=2
7월 19, 2018 09:55:09.72 [1252:660:0719/095509.720:ERROR:in_progress_cache_impl.cc(188)] Cache is not initialized, cannot RetrieveEntry.
7월 19, 2018 09:55:09.72 [1252:660:0719/095509.720:ERROR:in_progress_cache_impl.cc(188)] Cache is not initialized, cannot RetrieveEntry.
7월 19, 2018 09:56:00.08 [6928:6932:0719/095600.088:ERROR:install_util.cc(589)] Unable to create registry key HKLM\SOFTWARE\Policies\Google\Chrome for reading result=2
7월 19, 2018 09:58:05.09 [1964:3960:0719/095805.095:ERROR:install_util.cc(589)] Unable to create registry key HKLM\SOFTWARE\Policies\Google\Chrome for reading result=2
7월 19, 2018 09:58:05.28 [1964:3960:0719/095805.281:ERROR:in_progress_cache_impl.cc(188)] Cache is not initialized, cannot RetrieveEntry.
7월 19, 2018 09:58:05.28 [1964:3960:0719/095805.281:ERROR:in_progress_cache_impl.cc(188)] Cache is not initialized, cannot RetrieveEntry.
7월 19, 2018 09:59:09.68 [7156:6204:0719/095909.683:ERROR:install_util.cc(589)] Unable to create registry key HKLM\SOFTWARE\Policies\Google\Chrome for reading result=2
7월 19, 2018 10:00:06.64 [7084:6312:0719/100006.646:ERROR:install_util.cc(589)] Unable to create registry key HKLM\SOFTWARE\Policies\Google\Chrome for reading result=2
7월 19, 2018 10:00:59.52 [4340:2788:0719/100059.529:ERROR:install_util.cc(589)] Unable to create registry key HKLM\SOFTWARE\Policies\Google\Chrome for reading result=2
7월 19, 2018 10:01:21.50 [6512:3964:0719/100121.505:ERROR:install_util.cc(589)] Unable to create registry key HKLM\SOFTWARE\Policies\Google\Chrome for reading result=2
7월 19, 2018 10:01:45.25 [5556:5916:0719/100145.250:ERROR:install_util.cc(589)] Unable to create registry key HKLM\SOFTWARE\Policies\Google\Chrome for reading result=2
7월 19, 2018 10:02:34.50 [4936:7152:0719/100234.501:ERROR:install_util.cc(589)] Unable to create registry key HKLM\SOFTWARE\Policies\Google\Chrome for reading result=2
7월 19, 2018 10:02:34.68 [4936:7152:0719/100234.686:ERROR:in_progress_cache_impl.cc(188)] Cache is not initialized, cannot RetrieveEntry.
7월 19, 2018 10:02:34.68 [4936:7152:0719/100234.686:ERROR:in_progress_cache_impl.cc(188)] Cache is not initialized, cannot RetrieveEntry.
7월 19, 2018 10:02:58.03 [4936:6172:0719/100258.036:ERROR:service_manager_context.cc(258)] Attempting to run unsupported native service: C:\Program Files (x86)\Google\Chrome\Application\67.0.3396.99\content_browser.service.exe
7월 19, 2018 10:02:59.31 [2084:6640:0719/100259.310:ERROR:install_util.cc(589)] Unable to create registry key HKLM\SOFTWARE\Policies\Google\Chrome for reading result=2
7월 19, 2018 10:40:29.22 [3396:6816:0719/104029.224:ERROR:install_util.cc(589)] Unable to create registry key HKLM\SOFTWARE\Policies\Google\Chrome for reading result=2
7월 19, 2018 10:40:29.41 [3396:6816:0719/104029.410:ERROR:in_progress_cache_impl.cc(188)] Cache is not initialized, cannot RetrieveEntry.
7월 19, 2018 10:40:29.41 [3396:6816:0719/104029.411:ERROR:in_progress_cache_impl.cc(188)] Cache is not initialized, cannot RetrieveEntry.
7월 19, 2018 12:37:27.12 Unable to read VR Path Registry from C:\Users\acorn\AppData\Local\openvr\openvrpaths.vrpath
7월 19, 2018 12:37:27.12 [3396:6816:0719/123727.125:ERROR:latency_info.cc(164)] Surface::TakeLatencyInfoFromFrame, LatencyInfo vector size 101 is too big.
7월 19, 2018 12:37:27.97 [3396:6816:0719/123727.976:ERROR:latency_info.cc(164)] Surface::TakeLatencyInfoFromFrame, LatencyInfo vector size 102 is too big.
7월 19, 2018 12:37:28.82 [3396:6816:0719/123728.826:ERROR:latency_info.cc(164)] Surface::TakeLatencyInfoFromFrame, LatencyInfo vector size 102 is too big.
7월 19, 2018 12:37:29.26 [3396:6816:0719/123729.260:ERROR:latency_info.cc(164)] Surface::TakeLatencyInfoFromFrame, LatencyInfo vector size 102 is too big.
7월 19, 2018 12:37:30.30 [3396:6816:0719/123730.309:ERROR:latency_info.cc(164)] Surface::TakeLatencyInfoFromFrame, LatencyInfo vector size 102 is too big.
7월 19, 2018 12:37:32.87 [3396:6816:0719/123732.876:ERROR:latency_info.cc(164)] Surface::TakeLatencyInfoFromFrame, LatencyInfo vector size 102 is too big.
7월 19, 2018 12:37:34.48 [3396:6816:0719/123734.480:ERROR:latency_info.cc(164)] Surface::TakeLatencyInfoFromFrame, LatencyInfo vector size 102 is too big.
7월 19, 2018 12:37:36.34 [3396:6816:0719/123736.341:ERROR:latency_info.cc(164)] Surface::TakeLatencyInfoFromFrame, LatencyInfo vector size 102 is too big.
7월 19, 2018 12:37:37.56 [3396:6816:0719/123737.560:ERROR:latency_info.cc(164)] Surface::TakeLatencyInfoFromFrame, LatencyInfo vector size 102 is too big.
7월 19, 2018 12:37:38.47 [3396:6816:0719/123738.476:ERROR:latency_info.cc(164)] Surface::TakeLatencyInfoFromFrame, LatencyInfo vector size 102 is too big.
7월 19, 2018 12:37:39.80 [3396:6816:0719/123739.808:ERROR:latency_info.cc(164)] Surface::TakeLatencyInfoFromFrame, LatencyInfo vector size 102 is too big.
7월 19, 2018 12:37:40.55 [3396:6816:0719/123740.559:ERROR:latency_info.cc(164)] Surface::TakeLatencyInfoFromFrame, LatencyInfo vector size 102 is too big.
7월 19, 2018 12:37:43.27 [3396:6816:0719/123743.275:ERROR:latency_info.cc(164)] Surface::TakeLatencyInfoFromFrame, LatencyInfo vector size 102 is too big.
7월 19, 2018 12:37:43.59 [3396:6816:0719/123743.593:ERROR:latency_info.cc(164)] Surface::TakeLatencyInfoFromFrame, LatencyInfo vector size 102 is too big.
7월 19, 2018 12:37:46.76 [3396:6816:0719/123746.760:ERROR:latency_info.cc(164)] Surface::TakeLatencyInfoFromFrame, LatencyInfo vector size 102 is too big.
7월 19, 2018 12:37:47.64 [3396:6816:0719/123747.642:ERROR:latency_info.cc(164)] Surface::TakeLatencyInfoFromFrame, LatencyInfo vector size 102 is too big.
7월 19, 2018 12:37:49.71 [3396:6816:0719/123749.710:ERROR:latency_info.cc(164)] Surface::TakeLatencyInfoFromFrame, LatencyInfo vector size 102 is too big.
7월 19, 2018 12:37:50.23 [3396:6816:0719/123750.239:ERROR:latency_info.cc(164)] Surface::TakeLatencyInfoFromFrame, LatencyInfo vector size 102 is too big.
7월 19, 2018 12:37:51.09 [3396:6816:0719/123751.094:ERROR:latency_info.cc(164)] Surface::TakeLatencyInfoFromFrame, LatencyInfo vector size 102 is too big.
7월 19, 2018 12:37:52.79 [3396:6816:0719/123752.793:ERROR:latency_info.cc(164)] Surface::TakeLatencyInfoFromFrame, LatencyInfo vector size 102 is too big.
7월 19, 2018 12:37:54.57 [3396:6816:0719/123754.576:ERROR:latency_info.cc(164)] Surface::TakeLatencyInfoFromFrame, LatencyInfo vector size 102 is too big.
7월 19, 2018 12:37:58.04 [3396:6816:0719/123758.042:ERROR:latency_info.cc(164)] Surface::TakeLatencyInfoFromFrame, LatencyInfo vector size 102 is too big.
7월 19, 2018 14:34:42.92 [3396:8012:0719/143442.925:ERROR:get_updates_processor.cc(243)] PostClientToServerMessage() failed during GetUpdates
7월 19, 2018 17:02:16.64 [3396:4792:0719/170216.641:ERROR:ssl_client_socket_impl.cc(1026)] handshake failed; returned -1, SSL error code 1, net_error -100
7월 19, 2018 17:02:16.79 [3396:4792:0719/170216.789:ERROR:ssl_client_socket_impl.cc(1026)] handshake failed; returned -1, SSL error code 1, net_error -100
7월 19, 2018 17:03:01.49 [3396:4792:0719/170301.491:ERROR:ssl_client_socket_impl.cc(1026)] handshake failed; returned -1, SSL error code 1, net_error -100
7월 19, 2018 17:03:01.51 [3396:4792:0719/170301.518:ERROR:ssl_client_socket_impl.cc(1026)] handshake failed; returned -1, SSL error code 1, net_error -100
7월 19, 2018 17:03:01.66 [3396:4792:0719/170301.667:ERROR:ssl_client_socket_impl.cc(1026)] handshake failed; returned -1, SSL error code 1, net_error -100
7월 19, 2018 17:03:01.69 [3396:4792:0719/170301.690:ERROR:ssl_client_socket_impl.cc(1026)] handshake failed; returned -1, SSL error code 1, net_error -100
7월 19, 2018 17:04:56.07 [3396:6312:0719/170456.073:ERROR:platform_sensor_reader_win.cc(242)] NOT IMPLEMENTED
7월 19, 2018 17:04:56.89 [3396:5624:0719/170456.898:ERROR:platform_sensor_reader_win.cc(242)] NOT IMPLEMENTED
7월 19, 2018 17:05:07.47 [3396:1620:0719/170507.474:ERROR:platform_sensor_reader_win.cc(242)] NOT IMPLEMENTED
7월 19, 2018 17:06:48.53 [3396:7752:0719/170648.532:ERROR:platform_sensor_reader_win.cc(242)] NOT IMPLEMENTED
7월 19, 2018 17:08:56.63 [3396:7548:0719/170856.632:ERROR:platform_sensor_reader_win.cc(242)] NOT IMPLEMENTED
7월 19, 2018 17:08:57.93 [3396:804:0719/170857.936:ERROR:platform_sensor_reader_win.cc(242)] NOT IMPLEMENTED
7월 19, 2018 17:09:13.65 [3396:1352:0719/170913.651:ERROR:platform_sensor_reader_win.cc(242)] NOT IMPLEMENTED
7월 19, 2018 17:09:14.32 [3396:1272:0719/170914.324:ERROR:platform_sensor_reader_win.cc(242)] NOT IMPLEMENTED
7월 19, 2018 17:09:23.80 [3396:4792:0719/170923.807:ERROR:ssl_client_socket_impl.cc(1026)] handshake failed; returned -1, SSL error code 1, net_error -100
7월 19, 2018 17:09:23.81 [3396:4792:0719/170923.819:ERROR:ssl_client_socket_impl.cc(1026)] handshake failed; returned -1, SSL error code 1, net_error -100
7월 19, 2018 17:09:24.53 [3396:4792:0719/170924.532:ERROR:ssl_client_socket_impl.cc(1026)] handshake failed; returned -1, SSL error code 1, net_error -100
7월 19, 2018 17:09:25.21 [3396:4792:0719/170925.216:ERROR:ssl_client_socket_impl.cc(1026)] handshake failed; returned -1, SSL error code 1, net_error -100
7월 19, 2018 17:09:25.23 [3396:4792:0719/170925.230:ERROR:ssl_client_socket_impl.cc(1026)] handshake failed; returned -1, SSL error code 1, net_error -100
7월 19, 2018 17:09:25.43 [3396:4792:0719/170925.432:ERROR:ssl_client_socket_impl.cc(1026)] handshake failed; returned -1, SSL error code 1, net_error -100
7월 19, 2018 17:09:25.44 [3396:4792:0719/170925.446:ERROR:ssl_client_socket_impl.cc(1026)] handshake failed; returned -1, SSL error code 1, net_error -100
7월 19, 2018 17:09:25.91 [3396:4792:0719/170925.912:ERROR:ssl_client_socket_impl.cc(1026)] handshake failed; returned -1, SSL error code 1, net_error -100
7월 19, 2018 17:09:39.81 [3396:4792:0719/170939.819:ERROR:ssl_client_socket_impl.cc(1026)] handshake failed; returned -1, SSL error code 1, net_error -100
7월 19, 2018 17:09:40.62 [3396:4792:0719/170940.625:ERROR:ssl_client_socket_impl.cc(1026)] handshake failed; returned -1, SSL error code 1, net_error -100
7월 19, 2018 17:09:41.05 [3396:4792:0719/170941.054:ERROR:ssl_client_socket_impl.cc(1026)] handshake failed; returned -1, SSL error code 1, net_error -100
7월 19, 2018 17:10:04.77 [3396:4792:0719/171004.773:ERROR:ssl_client_socket_impl.cc(1026)] handshake failed; returned -1, SSL error code 1, net_error -100
7월 19, 2018 17:10:05.42 [3396:4792:0719/171005.423:ERROR:ssl_client_socket_impl.cc(1026)] handshake failed; returned -1, SSL error code 1, net_error -100
7월 19, 2018 17:10:05.44 [3396:4792:0719/171005.444:ERROR:ssl_client_socket_impl.cc(1026)] handshake failed; returned -1, SSL error code 1, net_error -100
7월 19, 2018 17:10:06.23 [3396:4792:0719/171006.239:ERROR:ssl_client_socket_impl.cc(1026)] handshake failed; returned -1, SSL error code 1, net_error -100
7월 19, 2018 17:10:06.28 [3396:4792:0719/171006.282:ERROR:ssl_client_socket_impl.cc(1026)] handshake failed; returned -1, SSL error code 1, net_error -100
7월 19, 2018 17:10:06.38 [3396:4792:0719/171006.382:ERROR:ssl_client_socket_impl.cc(1026)] handshake failed; returned -1, SSL error code 1, net_error -100
7월 19, 2018 17:10:07.10 [3396:4792:0719/171007.104:ERROR:ssl_client_socket_impl.cc(1026)] handshake failed; returned -1, SSL error code 1, net_error -100
7월 19, 2018 17:10:07.96 [3396:4792:0719/171007.961:ERROR:ssl_client_socket_impl.cc(1026)] handshake failed; returned -1, SSL error code 1, net_error -100

7월 20, 2018 10:08:09.37 NEW SESSION
7월 20, 2018 10:08:09.37 [7092:1168:0720/100809.373:ERROR:install_util.cc(589)] Unable to create registry key HKLM\SOFTWARE\Policies\Google\Chrome for reading result=2
7월 20, 2018 10:11:50.39 [6888:4976:0720/101150.394:ERROR:install_util.cc(589)] Unable to create registry key HKLM\SOFTWARE\Policies\Google\Chrome for reading result=2
7월 20, 2018 10:11:50.57 [6888:4976:0720/101150.572:ERROR:in_progress_cache_impl.cc(188)] Cache is not initialized, cannot RetrieveEntry.
7월 20, 2018 10:11:50.57 [6888:4976:0720/101150.572:ERROR:in_progress_cache_impl.cc(188)] Cache is not initialized, cannot RetrieveEntry.
7월 20, 2018 10:11:50.57 [6888:4976:0720/101150.573:ERROR:in_progress_cache_impl.cc(188)] Cache is not initialized, cannot RetrieveEntry.
7월 20, 2018 10:11:50.57 [6888:4976:0720/101150.573:ERROR:in_progress_cache_impl.cc(188)] Cache is not initialized, cannot RetrieveEntry.
7월 20, 2018 10:11:50.57 [6888:4976:0720/101150.573:ERROR:in_progress_cache_impl.cc(188)] Cache is not initialized, cannot RetrieveEntry.
7월 20, 2018 10:13:53.41 [3460:6852:0720/101353.414:ERROR:install_util.cc(589)] Unable to create registry key HKLM\SOFTWARE\Policies\Google\Chrome for reading result=2
7월 20, 2018 10:13:53.64 [3460:6852:0720/101353.643:ERROR:in_progress_cache_impl.cc(188)] Cache is not initialized, cannot RetrieveEntry.
7월 20, 2018 10:13:53.64 [3460:6852:0720/101353.643:ERROR:in_progress_cache_impl.cc(188)] Cache is not initialized, cannot RetrieveEntry.
7월 20, 2018 10:13:53.64 [3460:6852:0720/101353.643:ERROR:in_progress_cache_impl.cc(188)] Cache is not initialized, cannot RetrieveEntry.
7월 20, 2018 10:13:53.64 [3460:6852:0720/101353.643:ERROR:in_progress_cache_impl.cc(188)] Cache is not initialized, cannot RetrieveEntry.
7월 20, 2018 10:13:53.64 [3460:6852:0720/101353.643:ERROR:in_progress_cache_impl.cc(188)] Cache is not initialized, cannot RetrieveEntry.
7월 20, 2018 10:14:07.20 [6584:4964:0720/101407.208:ERROR:install_util.cc(589)] Unable to create registry key HKLM\SOFTWARE\Policies\Google\Chrome for reading result=2
7월 20, 2018 10:14:07.39 [6584:4964:0720/101407.385:ERROR:in_progress_cache_impl.cc(188)] Cache is not initialized, cannot RetrieveEntry.
7월 20, 2018 10:14:07.39 [6584:4964:0720/101407.385:ERROR:in_progress_cache_impl.cc(188)] Cache is not initialized, cannot RetrieveEntry.
7월 20, 2018 10:14:07.39 [6584:4964:0720/101407.385:ERROR:in_progress_cache_impl.cc(188)] Cache is not initialized, cannot RetrieveEntry.
7월 20, 2018 10:14:07.39 [6584:4964:0720/101407.385:ERROR:in_progress_cache_impl.cc(188)] Cache is not initialized, cannot RetrieveEntry.
7월 20, 2018 10:14:07.40 [6584:4964:0720/101407.385:ERROR:in_progress_cache_impl.cc(188)] Cache is not initialized, cannot RetrieveEntry.
7월 20, 2018 10:44:17.55 [7612:524:0720/104417.553:ERROR:install_util.cc(589)] Unable to create registry key HKLM\SOFTWARE\Policies\Google\Chrome for reading result=2
7월 20, 2018 10:47:18.17 [8036:3432:0720/104718.177:ERROR:install_util.cc(589)] Unable to create registry key HKLM\SOFTWARE\Policies\Google\Chrome for reading result=2
7월 20, 2018 10:49:41.19 [912:7628:0720/104941.190:ERROR:install_util.cc(589)] Unable to create registry key HKLM\SOFTWARE\Policies\Google\Chrome for reading result=2
7월 20, 2018 11:04:31.42 [6904:216:0720/110431.426:ERROR:install_util.cc(589)] Unable to create registry key HKLM\SOFTWARE\Policies\Google\Chrome for reading result=2

7월 23, 2018 17:35:02.07 NEW SESSION
7월 23, 2018 17:35:02.07 [4764:6932:0723/173502.078:ERROR:install_util.cc(589)] Unable to create registry key HKLM\SOFTWARE\Policies\Google\Chrome for reading result=2
7월 23, 2018 17:35:18.90 [4764:6436:0723/173518.903:ERROR:shader_disk_cache.cc(237)] Failed to create shader cache entry: -2
7월 23, 2018 17:59:57.68 Unable to read VR Path Registry from C:\Users\acorn\AppData\Local\openvr\openvrpaths.vrpath
7월 23, 2018 18:10:31.73 [2428:1256:0723/181031.732:ERROR:install_util.cc(589)] Unable to create registry key HKLM\SOFTWARE\Policies\Google\Chrome for reading result=2

7월 24, 2018 15:59:53.32 NEW SESSION
7월 24, 2018 15:59:53.32 [6484:6920:0724/155953.326:ERROR:install_util.cc(589)] Unable to create registry key HKLM\SOFTWARE\Policies\Google\Chrome for reading result=2
7월 24, 2018 16:26:24.35 Unable to read VR Path Registry from C:\Users\acorn\AppData\Local\openvr\openvrpaths.vrpath
7월 24, 2018 16:26:24.35 [6484:7068:0724/162624.359:ERROR:platform_sensor_reader_win.cc(242)] NOT IMPLEMENTED
7월 24, 2018 16:26:29.89 [6484:7068:0724/162629.897:ERROR:platform_sensor_reader_win.cc(242)] NOT IMPLEMENTED

7월 30, 2018 15:32:54.26 NEW SESSION
7월 30, 2018 15:32:54.26 [5572:6952:0730/153254.261:ERROR:install_util.cc(589)] Unable to create registry key HKLM\SOFTWARE\Policies\Google\Chrome for reading result=2

8월 01, 2018 15:13:12.71 NEW SESSION
8월 01, 2018 15:13:12.71 [1964:6396:0801/151312.714:ERROR:install_util.cc(589)] Unable to create registry key HKLM\SOFTWARE\Policies\Google\Chrome for reading result=2

8월 09, 2018 24:53:46.91 NEW SESSION
8월 09, 2018 24:53:46.91 [11492:7152:0809/005346.910:ERROR:install_util.cc(589)] Unable to create registry key HKLM\SOFTWARE\Policies\Google\Chrome for reading result=2
8월 09, 2018 24:53:47.14 [11492:7152:0809/005347.144:ERROR:browser_theme_pack.cc(621)] Failed to load theme data pack.
8월 09, 2018 24:53:47.22 [11492:8484:0809/005347.222:ERROR:external_registry_loader_win.cc(158)] File C:\Users\ARES\AppData\Local\Google\Drive\user_default\apdfllckaahabafndbhieahigkjlhalf_live.crx for key Software\Google\Chrome\Extensions\apdfllckaahabafndbhieahigkjlhalf does not exist or is not readable.
8월 09, 2018 24:53:49.03 [11492:10160:0809/005349.032:ERROR:connection_factory_impl.cc(403)] Failed to connect to MCS endpoint with error -106
8월 09, 2018 24:53:49.06 [11492:10160:0809/005349.032:ERROR:checkin_request.cc(211)] Failed to get checkin response. Fetcher failed. Retrying.
8월 09, 2018 24:53:54.02 [11492:7152:0809/005354.026:ERROR:account_info_fetcher.cc(58)] OnGetTokenFailure: Request canceled.

8월 20, 2018 15:41:03.76 NEW SESSION
8월 20, 2018 15:41:03.77 [5520:5524:0820/154103.764:ERROR:in_progress_cache_impl.cc(191)] Cache is not initialized, cannot RetrieveEntry.
8월 20, 2018 15:41:03.80 [5520:5524:0820/154103.764:ERROR:in_progress_cache_impl.cc(191)] Cache is not initialized, cannot RetrieveEntry.
8월 20, 2018 15:41:03.80 [5520:5524:0820/154103.764:ERROR:in_progress_cache_impl.cc(191)] Cache is not initialized, cannot RetrieveEntry.
8월 20, 2018 15:41:03.80 [5520:5524:0820/154103.764:ERROR:in_progress_cache_impl.cc(191)] Cache is not initialized, cannot RetrieveEntry.
8월 20, 2018 15:41:03.80 [5520:5524:0820/154103.764:ERROR:in_progress_cache_impl.cc(191)] Cache is not initialized, cannot RetrieveEntry.
8월 20, 2018 15:41:03.80 [5520:5524:0820/154103.764:ERROR:in_progress_cache_impl.cc(191)] Cache is not initialized, cannot RetrieveEntry.
8월 20, 2018 15:41:03.80 [5520:5524:0820/154103.765:ERROR:in_progress_cache_impl.cc(191)] Cache is not initialized, cannot RetrieveEntry.
8월 20, 2018 15:41:03.80 [5520:5524:0820/154103.765:ERROR:in_progress_cache_impl.cc(191)] Cache is not initialized, cannot RetrieveEntry.
